Command is:python main.py ./User_files/b_CR.net ./User_files/b_CR.csv >./User_files/b_CR_run.log 2>&1
OS returns 0 from execution of command
For files ./Model_files/b_CR_model.csv and ./User_files/b_CR.csv filecmp returns same=False
			Detailed testing:
Working on 52 lines
Line length differs, model file line has 250 character while user file has 10
Line length differs, model file line has 250 character while user file has 10
Line 3 contains different number of floats, model has 21, user has 1
Line length differs, model file line has 251 character while user file has 11
Line 4 contains different number of floats, model has 21, user has 1
Line length differs, model file line has 251 character while user file has 11
Line 5 contains different number of floats, model has 21, user has 1
Line length differs, model file line has 251 character while user file has 11
Line 6 contains different number of floats, model has 21, user has 1
Line length differs, model file line has 251 character while user file has 11
Line 7 contains different number of floats, model has 21, user has 1
Line length differs, model file line has 251 character while user file has 11
Line 8 contains different number of floats, model has 21, user has 1
Line length differs, model file line has 251 character while user file has 11
Line 9 contains different number of floats, model has 21, user has 1
Line length differs, model file line has 251 character while user file has 11
Line 10 contains different number of floats, model has 21, user has 1
Line length differs, model file line has 251 character while user file has 11
Line 11 contains different number of floats, model has 21, user has 1
Line length differs, model file line has 251 character while user file has 11
Line 12 contains different number of floats, model has 21, user has 1
Line length differs, model file line has 251 character while user file has 11
Line 13 contains different number of floats, model has 21, user has 1
Line length differs, model file line has 251 character while user file has 11
Line 14 contains different number of floats, model has 21, user has 1
Line length differs, model file line has 251 character while user file has 11
Line 15 contains different number of floats, model has 21, user has 1
Line length differs, model file line has 251 character while user file has 11
Line 16 contains different number of floats, model has 21, user has 1
Line length differs, model file line has 251 character while user file has 11
Line 17 contains different number of floats, model has 21, user has 1
Line length differs, model file line has 251 character while user file has 11
Line 18 contains different number of floats, model has 21, user has 1
Line length differs, model file line has 251 character while user file has 11
Line 19 contains different number of floats, model has 21, user has 1
Line length differs, model file line has 251 character while user file has 11
Line 20 contains different number of floats, model has 21, user has 1
Line length differs, model file line has 251 character while user file has 11
Line 21 contains different number of floats, model has 21, user has 1
Line length differs, model file line has 251 character while user file has 11
Line 22 contains different number of floats, model has 21, user has 1
Line length differs, model file line has 251 character while user file has 11
Line 23 contains different number of floats, model has 21, user has 1
Line length differs, model file line has 251 character while user file has 11
Line 24 contains different number of floats, model has 21, user has 1
Line length differs, model file line has 251 character while user file has 11
Line 25 contains different number of floats, model has 21, user has 1
Line length differs, model file line has 251 character while user file has 11
Line 26 contains different number of floats, model has 21, user has 1
Line length differs, model file line has 251 character while user file has 11
Line 27 contains different number of floats, model has 21, user has 1
Line length differs, model file line has 251 character while user file has 11
Line 28 contains different number of floats, model has 21, user has 1
Line length differs, model file line has 251 character while user file has 11
Line 29 contains different number of floats, model has 21, user has 1
Line length differs, model file line has 251 character while user file has 11
Line 30 contains different number of floats, model has 21, user has 1
Line length differs, model file line has 251 character while user file has 11
Line 31 contains different number of floats, model has 21, user has 1
Line length differs, model file line has 251 character while user file has 11
Line 32 contains different number of floats, model has 21, user has 1
Line length differs, model file line has 251 character while user file has 11
Line 33 contains different number of floats, model has 21, user has 1
Line length differs, model file line has 251 character while user file has 11
Line 34 contains different number of floats, model has 21, user has 1
Line length differs, model file line has 251 character while user file has 11
Line 35 contains different number of floats, model has 21, user has 1
Line length differs, model file line has 251 character while user file has 11
Line 36 contains different number of floats, model has 21, user has 1
Line length differs, model file line has 251 character while user file has 11
Line 37 contains different number of floats, model has 21, user has 1
Line length differs, model file line has 251 character while user file has 11
Line 38 contains different number of floats, model has 21, user has 1
Line length differs, model file line has 251 character while user file has 11
Line 39 contains different number of floats, model has 21, user has 1
Line length differs, model file line has 251 character while user file has 11
Line 40 contains different number of floats, model has 21, user has 1
Line length differs, model file line has 251 character while user file has 11
Line 41 contains different number of floats, model has 21, user has 1
Line length differs, model file line has 251 character while user file has 11
Line 42 contains different number of floats, model has 21, user has 1
Line length differs, model file line has 251 character while user file has 11
Line 43 contains different number of floats, model has 21, user has 1
Line length differs, model file line has 251 character while user file has 11
Line 44 contains different number of floats, model has 21, user has 1
Line length differs, model file line has 251 character while user file has 11
Line 45 contains different number of floats, model has 21, user has 1
Line length differs, model file line has 251 character while user file has 11
Line 46 contains different number of floats, model has 21, user has 1
Line length differs, model file line has 251 character while user file has 11
Line 47 contains different number of floats, model has 21, user has 1
Line length differs, model file line has 251 character while user file has 11
Line 48 contains different number of floats, model has 21, user has 1
Line length differs, model file line has 251 character while user file has 11
Line 49 contains different number of floats, model has 21, user has 1
Line length differs, model file line has 251 character while user file has 11
Line 50 contains different number of floats, model has 21, user has 1
Line length differs, model file line has 251 character while user file has 11
Line 51 contains different number of floats, model has 21, user has 1
Line length differs, model file line has 251 character while user file has 11
Line 52 contains different number of floats, model has 21, user has 1
Line length differs, model file line has 251 character while user file has 11
