Command is:python main.py ./User_files/b_Pi_03R.net ./User_files/b_Pi_03R.csv >./User_files/b_Pi_03R_run.log 2>&1
OS returns 0 from execution of command
For files ./Model_files/b_Pi_03R_model.csv and ./User_files/b_Pi_03R.csv filecmp returns same=False
			Detailed testing:
Working on 12 lines
Line 1 is OK
Line 2 is OK
Line 3 variable 1 differs, model=2.7, user=4.167
Line 3 variable 5 differs, model=0.046, user=0.01667
Line 3 variable 9 differs, model=0.1242, user=0.06944
Line 3 variable 11 differs, model=93.75, user=42.19
Line 3 variable 15 differs, model=58.7, user=250
Line 3 variable 17 differs, model=0.1852, user=0.12
Line 3 variable 19 differs, model=0.1449, user=0.4
Error found in line 3 from character 13
L1=< 1.000e+01,  2.700e+00,  0.000e+00,  5.000e-01,  0.000e+00,  4.600e-02,  0.000e+00,  6.667e-03,  0.000e+00,  1.242e-01,  0.000e+00,  9.375e+01,  0.000e+00,  3.333e-03,  0.000e+00,  5.870e+01,  0.000e+00,  1.852e-01,  0.000e+00,  1.449e-01,  0.000e+00,>
-----------------^
L2=< 1.000e+01,  4.167e+00,  0.000e+00,  5.000e-01,  0.000e+00,  1.667e-02,  0.000e+00,  6.667e-03,  0.000e+00,  6.944e-02,  0.000e+00,  4.219e+01,  0.000e+00,  3.333e-03,  0.000e+00,  2.500e+02,  0.000e+00,  1.200e-01,  0.000e+00,  4.000e-01,  0.000e+00,>
-----------------^
Line 4 variable 1 differs, model=2.7, user=4.167
Line 4 variable 5 differs, model=0.046, user=0.01667
Line 4 variable 9 differs, model=0.1242, user=0.06944
Line 4 variable 11 differs, model=93.75, user=42.19
Line 4 variable 15 differs, model=58.7, user=250
Line 4 variable 17 differs, model=0.1852, user=0.12
Line 4 variable 19 differs, model=0.1449, user=0.4
Error found in line 4 from character 13
L1=< 1.111e+06,  2.700e+00,  0.000e+00,  5.000e-01,  0.000e+00,  4.600e-02,  0.000e+00,  6.667e-03,  0.000e+00,  1.242e-01,  0.000e+00,  9.375e+01,  0.000e+00,  3.333e-03,  0.000e+00,  5.870e+01,  0.000e+00,  1.852e-01,  0.000e+00,  1.449e-01,  0.000e+00,>
-----------------^
L2=< 1.111e+06,  4.167e+00,  0.000e+00,  5.000e-01,  0.000e+00,  1.667e-02,  0.000e+00,  6.667e-03,  0.000e+00,  6.944e-02,  0.000e+00,  4.219e+01,  0.000e+00,  3.333e-03,  0.000e+00,  2.500e+02,  0.000e+00,  1.200e-01,  0.000e+00,  4.000e-01,  0.000e+00,>
-----------------^
Line 5 variable 1 differs, model=2.7, user=4.167
Line 5 variable 5 differs, model=0.046, user=0.01667
Line 5 variable 9 differs, model=0.1242, user=0.06944
Line 5 variable 11 differs, model=93.75, user=42.19
Line 5 variable 15 differs, model=58.7, user=250
Line 5 variable 17 differs, model=0.1852, user=0.12
Line 5 variable 19 differs, model=0.1449, user=0.4
Error found in line 5 from character 13
L1=< 2.222e+06,  2.700e+00,  0.000e+00,  5.000e-01,  0.000e+00,  4.600e-02,  0.000e+00,  6.667e-03,  0.000e+00,  1.242e-01,  0.000e+00,  9.375e+01,  0.000e+00,  3.333e-03,  0.000e+00,  5.870e+01,  0.000e+00,  1.852e-01,  0.000e+00,  1.449e-01,  0.000e+00,>
-----------------^
L2=< 2.222e+06,  4.167e+00,  0.000e+00,  5.000e-01,  0.000e+00,  1.667e-02,  0.000e+00,  6.667e-03,  0.000e+00,  6.944e-02,  0.000e+00,  4.219e+01,  0.000e+00,  3.333e-03,  0.000e+00,  2.500e+02,  0.000e+00,  1.200e-01,  0.000e+00,  4.000e-01,  0.000e+00,>
-----------------^
Line 6 variable 1 differs, model=2.7, user=4.167
Line 6 variable 5 differs, model=0.046, user=0.01667
Line 6 variable 9 differs, model=0.1242, user=0.06944
Line 6 variable 11 differs, model=93.75, user=42.19
Line 6 variable 15 differs, model=58.7, user=250
Line 6 variable 17 differs, model=0.1852, user=0.12
Line 6 variable 19 differs, model=0.1449, user=0.4
Error found in line 6 from character 13
L1=< 3.333e+06,  2.700e+00,  0.000e+00,  5.000e-01,  0.000e+00,  4.600e-02,  0.000e+00,  6.667e-03,  0.000e+00,  1.242e-01,  0.000e+00,  9.375e+01,  0.000e+00,  3.333e-03,  0.000e+00,  5.870e+01,  0.000e+00,  1.852e-01,  0.000e+00,  1.449e-01,  0.000e+00,>
-----------------^
L2=< 3.333e+06,  4.167e+00,  0.000e+00,  5.000e-01,  0.000e+00,  1.667e-02,  0.000e+00,  6.667e-03,  0.000e+00,  6.944e-02,  0.000e+00,  4.219e+01,  0.000e+00,  3.333e-03,  0.000e+00,  2.500e+02,  0.000e+00,  1.200e-01,  0.000e+00,  4.000e-01,  0.000e+00,>
-----------------^
Line 7 variable 1 differs, model=2.7, user=4.167
Line 7 variable 5 differs, model=0.046, user=0.01667
Line 7 variable 9 differs, model=0.1242, user=0.06944
Line 7 variable 11 differs, model=93.75, user=42.19
Line 7 variable 15 differs, model=58.7, user=250
Line 7 variable 17 differs, model=0.1852, user=0.12
Line 7 variable 19 differs, model=0.1449, user=0.4
Error found in line 7 from character 13
L1=< 4.444e+06,  2.700e+00,  0.000e+00,  5.000e-01,  0.000e+00,  4.600e-02,  0.000e+00,  6.667e-03,  0.000e+00,  1.242e-01,  0.000e+00,  9.375e+01,  0.000e+00,  3.333e-03,  0.000e+00,  5.870e+01,  0.000e+00,  1.852e-01,  0.000e+00,  1.449e-01,  0.000e+00,>
-----------------^
L2=< 4.444e+06,  4.167e+00,  0.000e+00,  5.000e-01,  0.000e+00,  1.667e-02,  0.000e+00,  6.667e-03,  0.000e+00,  6.944e-02,  0.000e+00,  4.219e+01,  0.000e+00,  3.333e-03,  0.000e+00,  2.500e+02,  0.000e+00,  1.200e-01,  0.000e+00,  4.000e-01,  0.000e+00,>
-----------------^
Line 8 variable 1 differs, model=2.7, user=4.167
Line 8 variable 5 differs, model=0.046, user=0.01667
Line 8 variable 9 differs, model=0.1242, user=0.06944
Line 8 variable 11 differs, model=93.75, user=42.19
Line 8 variable 15 differs, model=58.7, user=250
Line 8 variable 17 differs, model=0.1852, user=0.12
Line 8 variable 19 differs, model=0.1449, user=0.4
Error found in line 8 from character 13
L1=< 5.556e+06,  2.700e+00,  0.000e+00,  5.000e-01,  0.000e+00,  4.600e-02,  0.000e+00,  6.667e-03,  0.000e+00,  1.242e-01,  0.000e+00,  9.375e+01,  0.000e+00,  3.333e-03,  0.000e+00,  5.870e+01,  0.000e+00,  1.852e-01,  0.000e+00,  1.449e-01,  0.000e+00,>
-----------------^
L2=< 5.556e+06,  4.167e+00,  0.000e+00,  5.000e-01,  0.000e+00,  1.667e-02,  0.000e+00,  6.667e-03,  0.000e+00,  6.944e-02,  0.000e+00,  4.219e+01,  0.000e+00,  3.333e-03,  0.000e+00,  2.500e+02,  0.000e+00,  1.200e-01,  0.000e+00,  4.000e-01,  0.000e+00,>
-----------------^
Line 9 variable 1 differs, model=2.7, user=4.167
Line 9 variable 5 differs, model=0.046, user=0.01667
Line 9 variable 9 differs, model=0.1242, user=0.06944
Line 9 variable 11 differs, model=93.75, user=42.19
Line 9 variable 15 differs, model=58.7, user=250
Line 9 variable 17 differs, model=0.1852, user=0.12
Line 9 variable 19 differs, model=0.1449, user=0.4
Error found in line 9 from character 13
L1=< 6.667e+06,  2.700e+00,  0.000e+00,  5.000e-01,  0.000e+00,  4.600e-02,  0.000e+00,  6.667e-03,  0.000e+00,  1.242e-01,  0.000e+00,  9.375e+01,  0.000e+00,  3.333e-03,  0.000e+00,  5.870e+01,  0.000e+00,  1.852e-01,  0.000e+00,  1.449e-01,  0.000e+00,>
-----------------^
L2=< 6.667e+06,  4.167e+00,  0.000e+00,  5.000e-01,  0.000e+00,  1.667e-02,  0.000e+00,  6.667e-03,  0.000e+00,  6.944e-02,  0.000e+00,  4.219e+01,  0.000e+00,  3.333e-03,  0.000e+00,  2.500e+02,  0.000e+00,  1.200e-01,  0.000e+00,  4.000e-01,  0.000e+00,>
-----------------^
Line 10 variable 1 differs, model=2.7, user=4.167
Line 10 variable 5 differs, model=0.046, user=0.01667
Line 10 variable 9 differs, model=0.1242, user=0.06944
Line 10 variable 11 differs, model=93.75, user=42.19
Line 10 variable 15 differs, model=58.7, user=250
Line 10 variable 17 differs, model=0.1852, user=0.12
Line 10 variable 19 differs, model=0.1449, user=0.4
Error found in line 10 from character 13
L1=< 7.778e+06,  2.700e+00,  0.000e+00,  5.000e-01,  0.000e+00,  4.600e-02,  0.000e+00,  6.667e-03,  0.000e+00,  1.242e-01,  0.000e+00,  9.375e+01,  0.000e+00,  3.333e-03,  0.000e+00,  5.870e+01,  0.000e+00,  1.852e-01,  0.000e+00,  1.449e-01,  0.000e+00,>
-----------------^
L2=< 7.778e+06,  4.167e+00,  0.000e+00,  5.000e-01,  0.000e+00,  1.667e-02,  0.000e+00,  6.667e-03,  0.000e+00,  6.944e-02,  0.000e+00,  4.219e+01,  0.000e+00,  3.333e-03,  0.000e+00,  2.500e+02,  0.000e+00,  1.200e-01,  0.000e+00,  4.000e-01,  0.000e+00,>
-----------------^
Line 11 variable 1 differs, model=2.7, user=4.167
Line 11 variable 5 differs, model=0.046, user=0.01667
Line 11 variable 9 differs, model=0.1242, user=0.06944
Line 11 variable 11 differs, model=93.75, user=42.19
Line 11 variable 15 differs, model=58.7, user=250
Line 11 variable 17 differs, model=0.1852, user=0.12
Line 11 variable 19 differs, model=0.1449, user=0.4
Error found in line 11 from character 13
L1=< 8.889e+06,  2.700e+00,  0.000e+00,  5.000e-01,  0.000e+00,  4.600e-02,  0.000e+00,  6.667e-03,  0.000e+00,  1.242e-01,  0.000e+00,  9.375e+01,  0.000e+00,  3.333e-03,  0.000e+00,  5.870e+01,  0.000e+00,  1.852e-01,  0.000e+00,  1.449e-01,  0.000e+00,>
-----------------^
L2=< 8.889e+06,  4.167e+00,  0.000e+00,  5.000e-01,  0.000e+00,  1.667e-02,  0.000e+00,  6.667e-03,  0.000e+00,  6.944e-02,  0.000e+00,  4.219e+01,  0.000e+00,  3.333e-03,  0.000e+00,  2.500e+02,  0.000e+00,  1.200e-01,  0.000e+00,  4.000e-01,  0.000e+00,>
-----------------^
Line 12 variable 1 differs, model=2.7, user=4.167
Line 12 variable 5 differs, model=0.046, user=0.01667
Line 12 variable 9 differs, model=0.1242, user=0.06944
Line 12 variable 11 differs, model=93.75, user=42.19
Line 12 variable 15 differs, model=58.7, user=250
Line 12 variable 17 differs, model=0.1852, user=0.12
Line 12 variable 19 differs, model=0.1449, user=0.4
Error found in line 12 from character 13
L1=< 1.000e+07,  2.700e+00,  0.000e+00,  5.000e-01,  0.000e+00,  4.600e-02,  0.000e+00,  6.667e-03,  0.000e+00,  1.242e-01,  0.000e+00,  9.375e+01,  0.000e+00,  3.333e-03,  0.000e+00,  5.870e+01,  0.000e+00,  1.852e-01,  0.000e+00,  1.449e-01,  0.000e+00,>
-----------------^
L2=< 1.000e+07,  4.167e+00,  0.000e+00,  5.000e-01,  0.000e+00,  1.667e-02,  0.000e+00,  6.667e-03,  0.000e+00,  6.944e-02,  0.000e+00,  4.219e+01,  0.000e+00,  3.333e-03,  0.000e+00,  2.500e+02,  0.000e+00,  1.200e-01,  0.000e+00,  4.000e-01,  0.000e+00,>
-----------------^
