Command is:python main.py ./User_files/e_Ladder_400.net ./User_files/e_Ladder_400.csv >./User_files/e_Ladder_400_run.log 2>&1
OS returns 0 from execution of command
For files ./Model_files/e_Ladder_400_model.csv and ./User_files/e_Ladder_400.csv filecmp returns same=False
			Detailed testing:
Working on 152 lines
Line length differs, model file line has 250 character while user file has 10
Line length differs, model file line has 250 character while user file has 10
Line 3 contains different number of floats, model has 21, user has 1
Line length differs, model file line has 251 character while user file has 11
Line 4 contains different number of floats, model has 21, user has 1
Line length differs, model file line has 251 character while user file has 11
Line 5 contains different number of floats, model has 21, user has 1
Line length differs, model file line has 251 character while user file has 11
Line 6 contains different number of floats, model has 21, user has 1
Line length differs, model file line has 251 character while user file has 11
Line 7 contains different number of floats, model has 21, user has 1
Line length differs, model file line has 251 character while user file has 11
Line 8 contains different number of floats, model has 21, user has 1
Line length differs, model file line has 251 character while user file has 11
Line 9 contains different number of floats, model has 21, user has 1
Line length differs, model file line has 251 character while user file has 11
Line 10 contains different number of floats, model has 21, user has 1
Line length differs, model file line has 251 character while user file has 11
Line 11 contains different number of floats, model has 21, user has 1
Line length differs, model file line has 251 character while user file has 11
Line 12 contains different number of floats, model has 21, user has 1
Line length differs, model file line has 251 character while user file has 11
Line 13 contains different number of floats, model has 21, user has 1
Line length differs, model file line has 251 character while user file has 11
Line 14 contains different number of floats, model has 21, user has 1
Line length differs, model file line has 251 character while user file has 11
Line 15 contains different number of floats, model has 21, user has 1
Line length differs, model file line has 251 character while user file has 11
Line 16 contains different number of floats, model has 21, user has 1
Line length differs, model file line has 251 character while user file has 11
Line 17 contains different number of floats, model has 21, user has 1
Line length differs, model file line has 251 character while user file has 11
Line 18 contains different number of floats, model has 21, user has 1
Line length differs, model file line has 251 character while user file has 11
Line 19 contains different number of floats, model has 21, user has 1
Line length differs, model file line has 251 character while user file has 11
Line 20 contains different number of floats, model has 21, user has 1
Line length differs, model file line has 251 character while user file has 11
Line 21 contains different number of floats, model has 21, user has 1
Line length differs, model file line has 251 character while user file has 11
Line 22 contains different number of floats, model has 21, user has 1
Line length differs, model file line has 251 character while user file has 11
Line 23 contains different number of floats, model has 21, user has 1
Line length differs, model file line has 251 character while user file has 11
Line 24 contains different number of floats, model has 21, user has 1
Line length differs, model file line has 251 character while user file has 11
Line 25 contains different number of floats, model has 21, user has 1
Line length differs, model file line has 251 character while user file has 11
Line 26 contains different number of floats, model has 21, user has 1
Line length differs, model file line has 251 character while user file has 11
Line 27 contains different number of floats, model has 21, user has 1
Line length differs, model file line has 251 character while user file has 11
Line 28 contains different number of floats, model has 21, user has 1
Line length differs, model file line has 251 character while user file has 11
Line 29 contains different number of floats, model has 21, user has 1
Line length differs, model file line has 251 character while user file has 11
Line 30 contains different number of floats, model has 21, user has 1
Line length differs, model file line has 251 character while user file has 11
Line 31 contains different number of floats, model has 21, user has 1
Line length differs, model file line has 251 character while user file has 11
Line 32 contains different number of floats, model has 21, user has 1
Line length differs, model file line has 251 character while user file has 11
Line 33 contains different number of floats, model has 21, user has 1
Line length differs, model file line has 251 character while user file has 11
Line 34 contains different number of floats, model has 21, user has 1
Line length differs, model file line has 251 character while user file has 11
Line 35 contains different number of floats, model has 21, user has 1
Line length differs, model file line has 251 character while user file has 11
Line 36 contains different number of floats, model has 21, user has 1
Line length differs, model file line has 251 character while user file has 11
Line 37 contains different number of floats, model has 21, user has 1
Line length differs, model file line has 251 character while user file has 11
Line 38 contains different number of floats, model has 21, user has 1
Line length differs, model file line has 251 character while user file has 11
Line 39 contains different number of floats, model has 21, user has 1
Line length differs, model file line has 251 character while user file has 11
Line 40 contains different number of floats, model has 21, user has 1
Line length differs, model file line has 251 character while user file has 11
Line 41 contains different number of floats, model has 21, user has 1
Line length differs, model file line has 251 character while user file has 11
Line 42 contains different number of floats, model has 21, user has 1
Line length differs, model file line has 251 character while user file has 11
Line 43 contains different number of floats, model has 21, user has 1
Line length differs, model file line has 251 character while user file has 11
Line 44 contains different number of floats, model has 21, user has 1
Line length differs, model file line has 251 character while user file has 11
Line 45 contains different number of floats, model has 21, user has 1
Line length differs, model file line has 251 character while user file has 11
Line 46 contains different number of floats, model has 21, user has 1
Line length differs, model file line has 251 character while user file has 11
Line 47 contains different number of floats, model has 21, user has 1
Line length differs, model file line has 251 character while user file has 11
Line 48 contains different number of floats, model has 21, user has 1
Line length differs, model file line has 251 character while user file has 11
Line 49 contains different number of floats, model has 21, user has 1
Line length differs, model file line has 251 character while user file has 11
Line 50 contains different number of floats, model has 21, user has 1
Line length differs, model file line has 251 character while user file has 11
Line 51 contains different number of floats, model has 21, user has 1
Line length differs, model file line has 251 character while user file has 11
Line 52 contains different number of floats, model has 21, user has 1
Line length differs, model file line has 251 character while user file has 11
Line 53 contains different number of floats, model has 21, user has 1
Line length differs, model file line has 251 character while user file has 11
Line 54 contains different number of floats, model has 21, user has 1
Line length differs, model file line has 251 character while user file has 11
Line 55 contains different number of floats, model has 21, user has 1
Line length differs, model file line has 251 character while user file has 11
Line 56 contains different number of floats, model has 21, user has 1
Line length differs, model file line has 251 character while user file has 11
Line 57 contains different number of floats, model has 21, user has 1
Line length differs, model file line has 251 character while user file has 11
Line 58 contains different number of floats, model has 21, user has 1
Line length differs, model file line has 251 character while user file has 11
Line 59 contains different number of floats, model has 21, user has 1
Line length differs, model file line has 251 character while user file has 11
Line 60 contains different number of floats, model has 21, user has 1
Line length differs, model file line has 251 character while user file has 11
Line 61 contains different number of floats, model has 21, user has 1
Line length differs, model file line has 251 character while user file has 11
Line 62 contains different number of floats, model has 21, user has 1
Line length differs, model file line has 251 character while user file has 11
Line 63 contains different number of floats, model has 21, user has 1
Line length differs, model file line has 251 character while user file has 11
Line 64 contains different number of floats, model has 21, user has 1
Line length differs, model file line has 251 character while user file has 11
Line 65 contains different number of floats, model has 21, user has 1
Line length differs, model file line has 251 character while user file has 11
Line 66 contains different number of floats, model has 21, user has 1
Line length differs, model file line has 251 character while user file has 11
Line 67 contains different number of floats, model has 21, user has 1
Line length differs, model file line has 251 character while user file has 11
Line 68 contains different number of floats, model has 21, user has 1
Line length differs, model file line has 251 character while user file has 11
Line 69 contains different number of floats, model has 21, user has 1
Line length differs, model file line has 251 character while user file has 11
Line 70 contains different number of floats, model has 21, user has 1
Line length differs, model file line has 251 character while user file has 11
Line 71 contains different number of floats, model has 21, user has 1
Line length differs, model file line has 251 character while user file has 11
Line 72 contains different number of floats, model has 21, user has 1
Line length differs, model file line has 251 character while user file has 11
Line 73 contains different number of floats, model has 21, user has 1
Line length differs, model file line has 251 character while user file has 11
Line 74 contains different number of floats, model has 21, user has 1
Line length differs, model file line has 251 character while user file has 11
Line 75 contains different number of floats, model has 21, user has 1
Line length differs, model file line has 251 character while user file has 11
Line 76 contains different number of floats, model has 21, user has 1
Line length differs, model file line has 251 character while user file has 11
Line 77 contains different number of floats, model has 21, user has 1
Line length differs, model file line has 251 character while user file has 11
Line 78 contains different number of floats, model has 21, user has 1
Line length differs, model file line has 251 character while user file has 11
Line 79 contains different number of floats, model has 21, user has 1
Line length differs, model file line has 251 character while user file has 11
Line 80 contains different number of floats, model has 21, user has 1
Line length differs, model file line has 251 character while user file has 11
Line 81 contains different number of floats, model has 21, user has 1
Line length differs, model file line has 251 character while user file has 11
Line 82 contains different number of floats, model has 21, user has 1
Line length differs, model file line has 251 character while user file has 11
Line 83 contains different number of floats, model has 21, user has 1
Line length differs, model file line has 251 character while user file has 11
Line 84 contains different number of floats, model has 21, user has 1
Line length differs, model file line has 251 character while user file has 11
Line 85 contains different number of floats, model has 21, user has 1
Line length differs, model file line has 251 character while user file has 11
Line 86 contains different number of floats, model has 21, user has 1
Line length differs, model file line has 251 character while user file has 11
Line 87 contains different number of floats, model has 21, user has 1
Line length differs, model file line has 251 character while user file has 11
Line 88 contains different number of floats, model has 21, user has 1
Line length differs, model file line has 251 character while user file has 11
Line 89 contains different number of floats, model has 21, user has 1
Line length differs, model file line has 251 character while user file has 11
Line 90 contains different number of floats, model has 21, user has 1
Line length differs, model file line has 251 character while user file has 11
Line 91 contains different number of floats, model has 21, user has 1
Line length differs, model file line has 251 character while user file has 11
Line 92 contains different number of floats, model has 21, user has 1
Line length differs, model file line has 251 character while user file has 11
Line 93 contains different number of floats, model has 21, user has 1
Line length differs, model file line has 251 character while user file has 11
Line 94 contains different number of floats, model has 21, user has 1
Line length differs, model file line has 251 character while user file has 11
Line 95 contains different number of floats, model has 21, user has 1
Line length differs, model file line has 251 character while user file has 11
Line 96 contains different number of floats, model has 21, user has 1
Line length differs, model file line has 251 character while user file has 11
Line 97 contains different number of floats, model has 21, user has 1
Line length differs, model file line has 251 character while user file has 11
Line 98 contains different number of floats, model has 21, user has 1
Line length differs, model file line has 251 character while user file has 11
Line 99 contains different number of floats, model has 21, user has 1
Line length differs, model file line has 251 character while user file has 11
Line 100 contains different number of floats, model has 21, user has 1
Line length differs, model file line has 251 character while user file has 11
Line 101 contains different number of floats, model has 21, user has 1
Line length differs, model file line has 251 character while user file has 11
Line 102 contains different number of floats, model has 21, user has 1
Line length differs, model file line has 251 character while user file has 11
Line 103 contains different number of floats, model has 21, user has 1
Line length differs, model file line has 251 character while user file has 11
Line 104 contains different number of floats, model has 21, user has 1
Line length differs, model file line has 251 character while user file has 11
Line 105 contains different number of floats, model has 21, user has 1
Line length differs, model file line has 251 character while user file has 11
Line 106 contains different number of floats, model has 21, user has 1
Line length differs, model file line has 251 character while user file has 11
Line 107 contains different number of floats, model has 21, user has 1
Line length differs, model file line has 251 character while user file has 11
Line 108 contains different number of floats, model has 21, user has 1
Line length differs, model file line has 251 character while user file has 11
Line 109 contains different number of floats, model has 21, user has 1
Line length differs, model file line has 251 character while user file has 11
Line 110 contains different number of floats, model has 21, user has 1
Line length differs, model file line has 251 character while user file has 11
Line 111 contains different number of floats, model has 21, user has 1
Line length differs, model file line has 251 character while user file has 11
Line 112 contains different number of floats, model has 21, user has 1
Line length differs, model file line has 251 character while user file has 11
Line 113 contains different number of floats, model has 21, user has 1
Line length differs, model file line has 251 character while user file has 11
Line 114 contains different number of floats, model has 21, user has 1
Line length differs, model file line has 251 character while user file has 11
Line 115 contains different number of floats, model has 21, user has 1
Line length differs, model file line has 251 character while user file has 11
Line 116 contains different number of floats, model has 21, user has 1
Line length differs, model file line has 251 character while user file has 11
Line 117 contains different number of floats, model has 21, user has 1
Line length differs, model file line has 251 character while user file has 11
Line 118 contains different number of floats, model has 21, user has 1
Line length differs, model file line has 251 character while user file has 11
Line 119 contains different number of floats, model has 21, user has 1
Line length differs, model file line has 251 character while user file has 11
Line 120 contains different number of floats, model has 21, user has 1
Line length differs, model file line has 251 character while user file has 11
Line 121 contains different number of floats, model has 21, user has 1
Line length differs, model file line has 251 character while user file has 11
Line 122 contains different number of floats, model has 21, user has 1
Line length differs, model file line has 251 character while user file has 11
Line 123 contains different number of floats, model has 21, user has 1
Line length differs, model file line has 251 character while user file has 11
Line 124 contains different number of floats, model has 21, user has 1
Line length differs, model file line has 251 character while user file has 11
Line 125 contains different number of floats, model has 21, user has 1
Line length differs, model file line has 251 character while user file has 11
Line 126 contains different number of floats, model has 21, user has 1
Line length differs, model file line has 251 character while user file has 11
Line 127 contains different number of floats, model has 21, user has 1
Line length differs, model file line has 251 character while user file has 11
Line 128 contains different number of floats, model has 21, user has 1
Line length differs, model file line has 251 character while user file has 11
Line 129 contains different number of floats, model has 21, user has 1
Line length differs, model file line has 251 character while user file has 11
Line 130 contains different number of floats, model has 21, user has 1
Line length differs, model file line has 251 character while user file has 11
Line 131 contains different number of floats, model has 21, user has 1
Line length differs, model file line has 251 character while user file has 11
Line 132 contains different number of floats, model has 21, user has 1
Line length differs, model file line has 251 character while user file has 11
Line 133 contains different number of floats, model has 21, user has 1
Line length differs, model file line has 251 character while user file has 11
Line 134 contains different number of floats, model has 21, user has 1
Line length differs, model file line has 251 character while user file has 11
Line 135 contains different number of floats, model has 21, user has 1
Line length differs, model file line has 251 character while user file has 11
Line 136 contains different number of floats, model has 21, user has 1
Line length differs, model file line has 251 character while user file has 11
Line 137 contains different number of floats, model has 21, user has 1
Line length differs, model file line has 251 character while user file has 11
Line 138 contains different number of floats, model has 21, user has 1
Line length differs, model file line has 251 character while user file has 11
Line 139 contains different number of floats, model has 21, user has 1
Line length differs, model file line has 251 character while user file has 11
Line 140 contains different number of floats, model has 21, user has 1
Line length differs, model file line has 251 character while user file has 11
Line 141 contains different number of floats, model has 21, user has 1
Line length differs, model file line has 251 character while user file has 11
Line 142 contains different number of floats, model has 21, user has 1
Line length differs, model file line has 251 character while user file has 11
Line 143 contains different number of floats, model has 21, user has 1
Line length differs, model file line has 251 character while user file has 11
Line 144 contains different number of floats, model has 21, user has 1
Line length differs, model file line has 251 character while user file has 11
Line 145 contains different number of floats, model has 21, user has 1
Line length differs, model file line has 251 character while user file has 11
Line 146 contains different number of floats, model has 21, user has 1
Line length differs, model file line has 251 character while user file has 11
Line 147 contains different number of floats, model has 21, user has 1
Line length differs, model file line has 251 character while user file has 11
Line 148 contains different number of floats, model has 21, user has 1
Line length differs, model file line has 251 character while user file has 11
Line 149 contains different number of floats, model has 21, user has 1
Line length differs, model file line has 251 character while user file has 11
Line 150 contains different number of floats, model has 21, user has 1
Line length differs, model file line has 251 character while user file has 11
Line 151 contains different number of floats, model has 21, user has 1
Line length differs, model file line has 251 character while user file has 11
Line 152 contains different number of floats, model has 21, user has 1
Line length differs, model file line has 251 character while user file has 11
